android/app/build/intermediates/manifest_merge_blame_file/debug/processDebugMainManifest/manifest-merger-blame-debug-report.txt
1<?xml version="1.0" encoding="utf-8"?>
2<manifest xmlns:android="http://schemas.android.com/apk/res/android"
3    package="com.eresponde.smartwatch"
4    android:versionCode="1"
5    android:versionName="1.0" >
6
7    <uses-sdk
8        android:minSdkVersion="24"
9        android:targetSdkVersion="35" />
10
11    <!-- Network permissions -->
12    <uses-permission android:name="android.permission.INTERNET" />
12-->src\main\AndroidManifest.xml:4:5-67
12-->src\main\AndroidManifest.xml:4:22-64
13    <uses-permission android:name="android.permission.ACCESS_NETWORK_STATE" />
13-->src\main\AndroidManifest.xml:5:5-79
13-->src\main\AndroidManifest.xml:5:22-76
14
15    <!-- Location permissions -->
16    <uses-permission android:name="android.permission.ACCESS_FINE_LOCATION" />
16-->src\main\AndroidManifest.xml:8:5-79
16-->src\main\AndroidManifest.xml:8:22-76
17    <uses-permission android:name="android.permission.ACCESS_COARSE_LOCATION" />
17-->src\main\AndroidManifest.xml:9:5-81
17-->src\main\AndroidManifest.xml:9:22-78
18    <uses-permission android:name="android.permission.ACCESS_BACKGROUND_LOCATION" />
18-->src\main\AndroidManifest.xml:10:5-85
18-->src\main\AndroidManifest.xml:10:22-82
19
20    <!-- System permissions -->
21    <uses-permission android:name="android.permission.WAKE_LOCK" />
21-->src\main\AndroidManifest.xml:13:5-68
21-->src\main\AndroidManifest.xml:13:22-65
22    <uses-permission android:name="android.permission.VIBRATE" />
22-->src\main\AndroidManifest.xml:14:5-66
22-->src\main\AndroidManifest.xml:14:22-63
23
24    <!-- Storage permissions -->
25    <uses-permission android:name="android.permission.READ_EXTERNAL_STORAGE" />
25-->src\main\AndroidManifest.xml:17:5-80
25-->src\main\AndroidManifest.xml:17:22-77
26    <uses-permission android:name="android.permission.WRITE_EXTERNAL_STORAGE" />
26-->src\main\AndroidManifest.xml:18:5-81
26-->src\main\AndroidManifest.xml:18:22-78
27
28    <!-- Communication permissions -->
29    <uses-permission android:name="android.permission.SEND_SMS" />
29-->src\main\AndroidManifest.xml:21:5-67
29-->src\main\AndroidManifest.xml:21:22-64
30    <uses-permission android:name="android.permission.READ_CONTACTS" />
30-->src\main\AndroidManifest.xml:22:5-72
30-->src\main\AndroidManifest.xml:22:22-69
31
32    <!-- Bluetooth permissions -->
33    <uses-permission android:name="android.permission.BLUETOOTH" />
33-->src\main\AndroidManifest.xml:25:5-68
33-->src\main\AndroidManifest.xml:25:22-65
34    <uses-permission android:name="android.permission.BLUETOOTH_ADMIN" />
34-->src\main\AndroidManifest.xml:26:5-74
34-->src\main\AndroidManifest.xml:26:22-71
35
36    <!-- Phone permissions -->
37    <uses-permission android:name="android.permission.READ_PHONE_STATE" />
37-->src\main\AndroidManifest.xml:29:5-75
37-->src\main\AndroidManifest.xml:29:22-72
38
39    <!-- Smartwatch specific features - Made optional to prevent crashes -->
40    <uses-feature
40-->src\main\AndroidManifest.xml:32:5-99
41        android:name="android.hardware.sensor.accelerometer"
41-->src\main\AndroidManifest.xml:32:19-71
42        android:required="false" />
42-->src\main\AndroidManifest.xml:32:72-96
43    <uses-feature
43-->src\main\AndroidManifest.xml:33:5-95
44        android:name="android.hardware.sensor.gyroscope"
44-->src\main\AndroidManifest.xml:33:19-67
45        android:required="false" />
45-->src\main\AndroidManifest.xml:33:68-92
46    <uses-feature
46-->src\main\AndroidManifest.xml:34:5-87
47        android:name="android.hardware.location"
47-->src\main\AndroidManifest.xml:34:19-59
48        android:required="false" />
48-->src\main\AndroidManifest.xml:34:60-84
49    <uses-feature
49-->src\main\AndroidManifest.xml:35:5-91
50        android:name="android.hardware.location.gps"
50-->src\main\AndroidManifest.xml:35:19-63
51        android:required="false" />
51-->src\main\AndroidManifest.xml:35:64-88
52    <uses-feature
52-->src\main\AndroidManifest.xml:36:5-88
53        android:name="android.hardware.telephony"
53-->src\main\AndroidManifest.xml:36:19-60
54        android:required="false" />
54-->src\main\AndroidManifest.xml:36:61-85
55    <uses-feature
55-->src\main\AndroidManifest.xml:37:5-85
56        android:name="android.hardware.camera"
56-->src\main\AndroidManifest.xml:37:19-57
57        android:required="false" />
57-->src\main\AndroidManifest.xml:37:58-82
58    <uses-feature
58-->src\main\AndroidManifest.xml:38:5-83
59        android:name="android.hardware.wifi"
59-->src\main\AndroidManifest.xml:38:19-55
60        android:required="false" />
60-->src\main\AndroidManifest.xml:38:56-80
61    <uses-feature
61-->src\main\AndroidManifest.xml:39:5-88
62        android:name="android.hardware.bluetooth"
62-->src\main\AndroidManifest.xml:39:19-60
63        android:required="false" />
63-->src\main\AndroidManifest.xml:39:61-85
64
65    <uses-permission android:name="android.permission.ACCESS_WIFI_STATE" />
65-->[com.facebook.flipper:flipper:0.125.0] AndroidManifest.xml:16:5-76
65-->[com.facebook.flipper:flipper:0.125.0] AndroidManifest.xml:16:22-73
66    <!--
67    This manifest file is used only by Gradle to configure debug-only capabilities
68    for React Native Apps.
69    -->
70    <uses-permission android:name="android.permission.SYSTEM_ALERT_WINDOW" />
70-->[com.facebook.react:react-android:0.80.2] AndroidManifest.xml:16:5-78
70-->[com.facebook.react:react-android:0.80.2] AndroidManifest.xml:16:22-75
71
72    <permission
72-->[androidx.core:core:1.13.1] AndroidManifest.xml:22:5-24:47
73        android:name="com.eresponde.smartwatch.DYNAMIC_RECEIVER_NOT_EXPORTED_PERMISSION"
73-->[androidx.core:core:1.13.1] AndroidManifest.xml:23:9-81
74        android:protectionLevel="signature" />
74-->[androidx.core:core:1.13.1] AndroidManifest.xml:24:9-44
75
76    <uses-permission android:name="com.eresponde.smartwatch.DYNAMIC_RECEIVER_NOT_EXPORTED_PERMISSION" />
76-->[androidx.core:core:1.13.1] AndroidManifest.xml:26:5-97
76-->[androidx.core:core:1.13.1] AndroidManifest.xml:26:22-94
77
78    <application
78-->src\main\AndroidManifest.xml:41:5-68:19
79        android:name="com.eresponde.smartwatch.MainApplication"
79-->src\main\AndroidManifest.xml:42:7-38
80        android:allowBackup="false"
80-->src\main\AndroidManifest.xml:46:7-34
81        android:appComponentFactory="androidx.core.app.CoreComponentFactory"
81-->[androidx.core:core:1.13.1] AndroidManifest.xml:28:18-86
82        android:debuggable="true"
83        android:extractNativeLibs="true"
83-->src\main\AndroidManifest.xml:53:7-39
84        android:hardwareAccelerated="true"
84-->src\main\AndroidManifest.xml:48:7-41
85        android:icon="@mipmap/ic_launcher"
85-->src\main\AndroidManifest.xml:44:7-41
86        android:label="@string/app_name"
86-->src\main\AndroidManifest.xml:43:7-39
87        android:largeHeap="true"
87-->src\main\AndroidManifest.xml:49:7-31
88        android:networkSecurityConfig="@xml/network_security_config"
88-->src\main\AndroidManifest.xml:52:7-67
89        android:requestLegacyExternalStorage="true"
89-->src\main\AndroidManifest.xml:50:7-50
90        android:roundIcon="@mipmap/ic_launcher_round"
90-->src\main\AndroidManifest.xml:45:7-52
91        android:theme="@style/AppTheme"
91-->src\main\AndroidManifest.xml:47:7-38
92        android:usesCleartextTraffic="true"
92-->src\main\AndroidManifest.xml:51:7-42
93        android:vmSafeMode="true" >
93-->src\main\AndroidManifest.xml:54:7-32
94        <activity
94-->src\main\AndroidManifest.xml:55:7-67:18
95            android:name="com.eresponde.smartwatch.MainActivity"
95-->src\main\AndroidManifest.xml:56:9-37
96            android:configChanges="keyboard|keyboardHidden|orientation|screenLayout|screenSize|smallestScreenSize|uiMode"
96-->src\main\AndroidManifest.xml:58:9-118
97            android:exported="true"
97-->src\main\AndroidManifest.xml:61:9-32
98            android:label="@string/app_name"
98-->src\main\AndroidManifest.xml:57:9-41
99            android:launchMode="singleTask"
99-->src\main\AndroidManifest.xml:59:9-40
100            android:screenOrientation="portrait"
100-->src\main\AndroidManifest.xml:62:9-45
101            android:windowSoftInputMode="adjustResize" >
101-->src\main\AndroidManifest.xml:60:9-51
102            <intent-filter>
102-->src\main\AndroidManifest.xml:63:9-66:25
103                <action android:name="android.intent.action.MAIN" />
103-->src\main\AndroidManifest.xml:64:13-65
103-->src\main\AndroidManifest.xml:64:21-62
104
105                <category android:name="android.intent.category.LAUNCHER" />
105-->src\main\AndroidManifest.xml:65:13-73
105-->src\main\AndroidManifest.xml:65:23-70
106            </intent-filter>
107        </activity>
108        <activity
108-->[com.facebook.react:react-android:0.80.2] AndroidManifest.xml:19:9-21:40
109            android:name="com.facebook.react.devsupport.DevSettingsActivity"
109-->[com.facebook.react:react-android:0.80.2] AndroidManifest.xml:20:13-77
110            android:exported="false" />
110-->[com.facebook.react:react-android:0.80.2] AndroidManifest.xml:21:13-37
111
112        <meta-data
112-->[com.facebook.soloader:soloader:0.12.1] AndroidManifest.xml:12:9-14:37
113            android:name="com.facebook.soloader.enabled"
113-->[com.facebook.soloader:soloader:0.12.1] AndroidManifest.xml:13:13-57
114            android:value="false" />
114-->[com.facebook.soloader:soloader:0.12.1] AndroidManifest.xml:14:13-34
115
116        <activity
116-->[com.google.android.gms:play-services-base:18.1.0] AndroidManifest.xml:20:9-22:45
117            android:name="com.google.android.gms.common.api.GoogleApiActivity"
117-->[com.google.android.gms:play-services-base:18.1.0] AndroidManifest.xml:20:19-85
118            android:exported="false"
118-->[com.google.android.gms:play-services-base:18.1.0] AndroidManifest.xml:22:19-43
119            android:theme="@android:style/Theme.Translucent.NoTitleBar" />
119-->[com.google.android.gms:play-services-base:18.1.0] AndroidManifest.xml:21:19-78
120
121        <meta-data
121-->[com.google.android.gms:play-services-basement:18.1.0] AndroidManifest.xml:21:9-23:69
122            android:name="com.google.android.gms.version"
122-->[com.google.android.gms:play-services-basement:18.1.0] AndroidManifest.xml:22:13-58
123            android:value="@integer/google_play_services_version" />
123-->[com.google.android.gms:play-services-basement:18.1.0] AndroidManifest.xml:23:13-66
124
125        <provider
125-->[androidx.emoji2:emoji2:1.3.0] AndroidManifest.xml:24:9-32:20
126            android:name="androidx.startup.InitializationProvider"
126-->[androidx.emoji2:emoji2:1.3.0] AndroidManifest.xml:25:13-67
127            android:authorities="com.eresponde.smartwatch.androidx-startup"
127-->[androidx.emoji2:emoji2:1.3.0] AndroidManifest.xml:26:13-68
128            android:exported="false" >
128-->[androidx.emoji2:emoji2:1.3.0] AndroidManifest.xml:27:13-37
129            <meta-data
129-->[androidx.emoji2:emoji2:1.3.0] AndroidManifest.xml:29:13-31:52
130                android:name="androidx.emoji2.text.EmojiCompatInitializer"
130-->[androidx.emoji2:emoji2:1.3.0] AndroidManifest.xml:30:17-75
131                android:value="androidx.startup" />
131-->[androidx.emoji2:emoji2:1.3.0] AndroidManifest.xml:31:17-49
132            <meta-data
132-->[androidx.lifecycle:lifecycle-process:2.6.2] AndroidManifest.xml:29:13-31:52
133                android:name="androidx.lifecycle.ProcessLifecycleInitializer"
133-->[androidx.lifecycle:lifecycle-process:2.6.2] AndroidManifest.xml:30:17-78
134                android:value="androidx.startup" />
134-->[androidx.lifecycle:lifecycle-process:2.6.2] AndroidManifest.xml:31:17-49
135            <meta-data
135-->[androidx.profileinstaller:profileinstaller:1.3.1] AndroidManifest.xml:29:13-31:52
136                android:name="androidx.profileinstaller.ProfileInstallerInitializer"
136-->[androidx.profileinstaller:profileinstaller:1.3.1] AndroidManifest.xml:30:17-85
137                android:value="androidx.startup" />
137-->[androidx.profileinstaller:profileinstaller:1.3.1] AndroidManifest.xml:31:17-49
138        </provider>
139
140        <receiver
140-->[androidx.profileinstaller:profileinstaller:1.3.1] AndroidManifest.xml:34:9-52:20
141            android:name="androidx.profileinstaller.ProfileInstallReceiver"
141-->[androidx.profileinstaller:profileinstaller:1.3.1] AndroidManifest.xml:35:13-76
142            android:directBootAware="false"
142-->[androidx.profileinstaller:profileinstaller:1.3.1] AndroidManifest.xml:36:13-44
143            android:enabled="true"
143-->[androidx.profileinstaller:profileinstaller:1.3.1] AndroidManifest.xml:37:13-35
144            android:exported="true"
144-->[androidx.profileinstaller:profileinstaller:1.3.1] AndroidManifest.xml:38:13-36
145            android:permission="android.permission.DUMP" >
145-->[androidx.profileinstaller:profileinstaller:1.3.1] AndroidManifest.xml:39:13-57
146            <intent-filter>
146-->[androidx.profileinstaller:profileinstaller:1.3.1] AndroidManifest.xml:40:13-42:29
147                <action android:name="androidx.profileinstaller.action.INSTALL_PROFILE" />
147-->[androidx.profileinstaller:profileinstaller:1.3.1] AndroidManifest.xml:41:17-91
147-->[androidx.profileinstaller:profileinstaller:1.3.1] AndroidManifest.xml:41:25-88
148            </intent-filter>
149            <intent-filter>
149-->[androidx.profileinstaller:profileinstaller:1.3.1] AndroidManifest.xml:43:13-45:29
150                <action android:name="androidx.profileinstaller.action.SKIP_FILE" />
150-->[androidx.profileinstaller:profileinstaller:1.3.1] AndroidManifest.xml:44:17-85
150-->[androidx.profileinstaller:profileinstaller:1.3.1] AndroidManifest.xml:44:25-82
151            </intent-filter>
152            <intent-filter>
152-->[androidx.profileinstaller:profileinstaller:1.3.1] AndroidManifest.xml:46:13-48:29
153                <action android:name="androidx.profileinstaller.action.SAVE_PROFILE" />
153-->[androidx.profileinstaller:profileinstaller:1.3.1] AndroidManifest.xml:47:17-88
153-->[androidx.profileinstaller:profileinstaller:1.3.1] AndroidManifest.xml:47:25-85
154            </intent-filter>
155            <intent-filter>
155-->[androidx.profileinstaller:profileinstaller:1.3.1] AndroidManifest.xml:49:13-51:29
156                <action android:name="androidx.profileinstaller.action.BENCHMARK_OPERATION" />
156-->[androidx.profileinstaller:profileinstaller:1.3.1] AndroidManifest.xml:50:17-95
156-->[androidx.profileinstaller:profileinstaller:1.3.1] AndroidManifest.xml:50:25-92
157            </intent-filter>
158        </receiver>
159    </application>
160
161</manifest>